{"name": "test_constructor_navigation[firefox]", "status": "failed", "statusDetails": {"message": "AssertionError: assert 'constructor' in 'https://stellarburgers.nomoreparties.site/'\n +  where 'https://stellarburgers.nomoreparties.site/' = <selenium.webdriver.firefox.webdriver.WebDriver (session=\"7405cdd7-e876-4507-842f-a0a9f739be15\")>.current_url\n +    where <selenium.webdriver.firefox.webdriver.WebDriver (session=\"7405cdd7-e876-4507-842f-a0a9f739be15\")> = <tests.test_constructor.TestConstructorFunctionality object at 0x106c770e0>.driver", "trace": "self = <tests.test_constructor.TestConstructorFunctionality object at 0x106c770e0>\n\n    def test_constructor_navigation(self):\n        page = ConstructorPage(self.driver)\n        page.open()\n        page.click_constructor()\n>       assert \"constructor\" in self.driver.current_url\nE       assert 'constructor' in 'https://stellarburgers.nomoreparties.site/'\nE        +  where 'https://stellarburgers.nomoreparties.site/' = <selenium.webdriver.firefox.webdriver.WebDriver (session=\"7405cdd7-e876-4507-842f-a0a9f739be15\")>.current_url\nE        +    where <selenium.webdriver.firefox.webdriver.WebDriver (session=\"7405cdd7-e876-4507-842f-a0a9f739be15\")> = <tests.test_constructor.TestConstructorFunctionality object at 0x106c770e0>.driver\n\ntests/test_constructor.py:11: AssertionError"}, "parameters": [{"name": "init_driver", "value": "'firefox'"}], "start": 1725819841666, "stop": 1725819844341, "uuid": "ee29a220-c536-4c27-9360-90f742cf7690", "historyId": "fd82a872627fe38f53146af87bc93c56", "testCaseId": "03f313d6c6c70b024b39319f9d478122", "fullName": "tests.test_constructor.TestConstructorFunctionality#test_constructor_navigation", "labels": [{"name": "tag", "value": "@pytest.mark.usefixtures('init_driver')"}, {"name": "parentSuite", "value": "tests"}, {"name": "suite", "value": "test_constructor"}, {"name": "subSuite", "value": "TestConstructorFunctionality"}, {"name": "host", "value": "MacBook-Air-Anna.local"}, {"name": "thread", "value": "25565-MainThread"}, {"name": "framework", "value": "pytest"}, {"name": "language", "value": "cpython3"}, {"name": "package", "value": "tests.test_constructor"}]}