{"name": "test_constructor_navigation[chrome]", "status": "broken", "statusDetails": {"message": "selenium.common.exceptions.NoSuchElementException: Message: no such element: Unable to locate element: {\"method\":\"xpath\",\"selector\":\"//a[text()='Конструктор']\"}\n  (Session info: chrome=128.0.6613.120); For documentation on this error, please visit: https://www.selenium.dev/documentation/webdriver/troubleshooting/errors#no-such-element-exception\nStacktrace:\n0   chromedriver                        0x000000010075b998 cxxbridge1$str$ptr + 1887096\n1   chromedriver                        0x0000000100753e00 cxxbridge1$str$ptr + 1855456\n2   chromedriver                        0x0000000100358be0 cxxbridge1$string$len + 89508\n3   chromedriver                        0x000000010039cf10 cxxbridge1$string$len + 368852\n4   chromedriver                        0x00000001003d64a4 cxxbridge1$string$len + 603752\n5   chromedriver                        0x0000000100391a08 cxxbridge1$string$len + 322508\n6   chromedriver                        0x000000010039266c cxxbridge1$string$len + 325680\n7   chromedriver                        0x0000000100722058 cxxbridge1$str$ptr + 1651256\n8   chromedriver                        0x000000010072698c cxxbridge1$str$ptr + 1669996\n9   chromedriver                        0x00000001007071ec cxxbridge1$str$ptr + 1541068\n10  chromedriver                        0x000000010072725c cxxbridge1$str$ptr + 1672252\n11  chromedriver                        0x00000001006f8800 cxxbridge1$str$ptr + 1481184\n12  chromedriver                        0x00000001007450f8 cxxbridge1$str$ptr + 1794776\n13  chromedriver                        0x0000000100745274 cxxbridge1$str$ptr + 1795156\n14  chromedriver                        0x0000000100753a9c cxxbridge1$str$ptr + 1854588\n15  libsystem_pthread.dylib             0x00000001a57b426c _pthread_start + 148\n16  libsystem_pthread.dylib             0x00000001a57af08c thread_start + 8", "trace": "self = <tests.test_constructor.TestConstructorFunctionality object at 0x103001cd0>\n\n    def test_constructor_navigation(self):\n        page = ConstructorPage(self.driver)\n        page.open()\n>       page.click_constructor()\n\ntests/test_constructor.py:10: \n_ _ _ _ _ _ _ _ _ _ _ _ _ _ _ _ _ _ _ _ _ _ _ _ _ _ _ _ _ _ _ _ _ _ _ _ _ _ _ _ _ _ _ _ _ _ _ _ _ _ _ _ _ _ _ _ _ _ _ _ _ _ _ _ _ _ _ _ _ _ _ _ _ _ _ _ _ _ _ _ _ _ _ _ _ _ \npage_objects/constructor_page.py:12: in click_constructor\n    constructor_button = self.driver.find_element(*ConstructorPageLocators.CONSTRUCTOR_BUTTON)\nvenv/lib/python3.12/site-packages/selenium/webdriver/remote/webdriver.py:748: in find_element\n    return self.execute(Command.FIND_ELEMENT, {\"using\": by, \"value\": value})[\"value\"]\nvenv/lib/python3.12/site-packages/selenium/webdriver/remote/webdriver.py:354: in execute\n    self.error_handler.check_response(response)\n_ _ _ _ _ _ _ _ _ _ _ _ _ _ _ _ _ _ _ _ _ _ _ _ _ _ _ _ _ _ _ _ _ _ _ _ _ _ _ _ _ _ _ _ _ _ _ _ _ _ _ _ _ _ _ _ _ _ _ _ _ _ _ _ _ _ _ _ _ _ _ _ _ _ _ _ _ _ _ _ _ _ _ _ _ _ \n\nself = <selenium.webdriver.remote.errorhandler.ErrorHandler object at 0x103092c90>\nresponse = {'status': 404, 'value': '{\"value\":{\"error\":\"no such element\",\"message\":\"no such element: Unable to locate element: {\\...0001a57b426c _pthread_start + 148\\\\n16  libsystem_pthread.dylib             0x00000001a57af08c thread_start + 8\\\\n\"}}'}\n\n    def check_response(self, response: Dict[str, Any]) -> None:\n        \"\"\"Checks that a JSON response from the WebDriver does not have an\n        error.\n    \n        :Args:\n         - response - The JSON response from the WebDriver server as a dictionary\n           object.\n    \n        :Raises: If the response contains an error message.\n        \"\"\"\n        status = response.get(\"status\", None)\n        if not status or status == ErrorCode.SUCCESS:\n            return\n        value = None\n        message = response.get(\"message\", \"\")\n        screen: str = response.get(\"screen\", \"\")\n        stacktrace = None\n        if isinstance(status, int):\n            value_json = response.get(\"value\", None)\n            if value_json and isinstance(value_json, str):\n                import json\n    \n                try:\n                    value = json.loads(value_json)\n                    if len(value) == 1:\n                        value = value[\"value\"]\n                    status = value.get(\"error\", None)\n                    if not status:\n                        status = value.get(\"status\", ErrorCode.UNKNOWN_ERROR)\n                        message = value.get(\"value\") or value.get(\"message\")\n                        if not isinstance(message, str):\n                            value = message\n                            message = message.get(\"message\")\n                    else:\n                        message = value.get(\"message\", None)\n                except ValueError:\n                    pass\n    \n        exception_class: Type[WebDriverException]\n        e = ErrorCode()\n        error_codes = [item for item in dir(e) if not item.startswith(\"__\")]\n        for error_code in error_codes:\n            error_info = getattr(ErrorCode, error_code)\n            if isinstance(error_info, list) and status in error_info:\n                exception_class = getattr(ExceptionMapping, error_code, WebDriverException)\n                break\n        else:\n            exception_class = WebDriverException\n    \n        if not value:\n            value = response[\"value\"]\n        if isinstance(value, str):\n            raise exception_class(value)\n        if message == \"\" and \"message\" in value:\n            message = value[\"message\"]\n    \n        screen = None  # type: ignore[assignment]\n        if \"screen\" in value:\n            screen = value[\"screen\"]\n    \n        stacktrace = None\n        st_value = value.get(\"stackTrace\") or value.get(\"stacktrace\")\n        if st_value:\n            if isinstance(st_value, str):\n                stacktrace = st_value.split(\"\\n\")\n            else:\n                stacktrace = []\n                try:\n                    for frame in st_value:\n                        line = frame.get(\"lineNumber\", \"\")\n                        file = frame.get(\"fileName\", \"<anonymous>\")\n                        if line:\n                            file = f\"{file}:{line}\"\n                        meth = frame.get(\"methodName\", \"<anonymous>\")\n                        if \"className\" in frame:\n                            meth = f\"{frame['className']}.{meth}\"\n                        msg = \"    at %s (%s)\"\n                        msg = msg % (meth, file)\n                        stacktrace.append(msg)\n                except TypeError:\n                    pass\n        if exception_class == UnexpectedAlertPresentException:\n            alert_text = None\n            if \"data\" in value:\n                alert_text = value[\"data\"].get(\"text\")\n            elif \"alert\" in value:\n                alert_text = value[\"alert\"].get(\"text\")\n            raise exception_class(message, screen, stacktrace, alert_text)  # type: ignore[call-arg]  # mypy is not smart enough here\n>       raise exception_class(message, screen, stacktrace)\nE       selenium.common.exceptions.NoSuchElementException: Message: no such element: Unable to locate element: {\"method\":\"xpath\",\"selector\":\"//a[text()='Конструктор']\"}\nE         (Session info: chrome=128.0.6613.120); For documentation on this error, please visit: https://www.selenium.dev/documentation/webdriver/troubleshooting/errors#no-such-element-exception\nE       Stacktrace:\nE       0   chromedriver                        0x000000010075b998 cxxbridge1$str$ptr + 1887096\nE       1   chromedriver                        0x0000000100753e00 cxxbridge1$str$ptr + 1855456\nE       2   chromedriver                        0x0000000100358be0 cxxbridge1$string$len + 89508\nE       3   chromedriver                        0x000000010039cf10 cxxbridge1$string$len + 368852\nE       4   chromedriver                        0x00000001003d64a4 cxxbridge1$string$len + 603752\nE       5   chromedriver                        0x0000000100391a08 cxxbridge1$string$len + 322508\nE       6   chromedriver                        0x000000010039266c cxxbridge1$string$len + 325680\nE       7   chromedriver                        0x0000000100722058 cxxbridge1$str$ptr + 1651256\nE       8   chromedriver                        0x000000010072698c cxxbridge1$str$ptr + 1669996\nE       9   chromedriver                        0x00000001007071ec cxxbridge1$str$ptr + 1541068\nE       10  chromedriver                        0x000000010072725c cxxbridge1$str$ptr + 1672252\nE       11  chromedriver                        0x00000001006f8800 cxxbridge1$str$ptr + 1481184\nE       12  chromedriver                        0x00000001007450f8 cxxbridge1$str$ptr + 1794776\nE       13  chromedriver                        0x0000000100745274 cxxbridge1$str$ptr + 1795156\nE       14  chromedriver                        0x0000000100753a9c cxxbridge1$str$ptr + 1854588\nE       15  libsystem_pthread.dylib             0x00000001a57b426c _pthread_start + 148\nE       16  libsystem_pthread.dylib             0x00000001a57af08c thread_start + 8\n\nvenv/lib/python3.12/site-packages/selenium/webdriver/remote/errorhandler.py:229: NoSuchElementException"}, "parameters": [{"name": "init_driver", "value": "'chrome'"}], "start": 1725819575682, "stop": 1725819577587, "uuid": "293da1bc-542f-44fe-b541-0346d41aadf4", "historyId": "a759f1025cff4633d9af9b2f08bc67fa", "testCaseId": "03f313d6c6c70b024b39319f9d478122", "fullName": "tests.test_constructor.TestConstructorFunctionality#test_constructor_navigation", "labels": [{"name": "tag", "value": "@pytest.mark.usefixtures('init_driver')"}, {"name": "parentSuite", "value": "tests"}, {"name": "suite", "value": "test_constructor"}, {"name": "subSuite", "value": "TestConstructorFunctionality"}, {"name": "host", "value": "MacBook-Air-Anna.local"}, {"name": "thread", "value": "24506-MainThread"}, {"name": "framework", "value": "pytest"}, {"name": "language", "value": "cpython3"}, {"name": "package", "value": "tests.test_constructor"}]}