{"name": "test_go_to_order_history[chrome]", "status": "broken", "statusDetails": {"message": "selenium.common.exceptions.WebDriverException: Message: unknown error: net::ERR_NAME_NOT_RESOLVED\n  (Session info: chrome=128.0.6613.120)\nStacktrace:\n0   chromedriver                        0x00000001007bf998 cxxbridge1$str$ptr + 1887096\n1   chromedriver                        0x00000001007b7e00 cxxbridge1$str$ptr + 1855456\n2   chromedriver                        0x00000001003bcbe0 cxxbridge1$string$len + 89508\n3   chromedriver                        0x00000001003b5bc4 cxxbridge1$string$len + 60808\n4   chromedriver                        0x00000001003a7fe8 cxxbridge1$string$len + 4524\n5   chromedriver                        0x00000001003a99c4 cxxbridge1$string$len + 11144\n6   chromedriver                        0x00000001003a839c cxxbridge1$string$len + 5472\n7   chromedriver                        0x00000001003a7c10 cxxbridge1$string$len + 3540\n8   chromedriver                        0x00000001003a7b5c cxxbridge1$string$len + 3360\n9   chromedriver                        0x00000001003a5ef8 core::str::slice_error_fail::h6c488016ada29016 + 61108\n10  chromedriver                        0x00000001003a6468 core::str::slice_error_fail::h6c488016ada29016 + 62500\n11  chromedriver                        0x00000001003bf090 cxxbridge1$string$len + 98900\n12  chromedriver                        0x000000010043ae14 cxxbridge1$string$len + 606168\n13  chromedriver                        0x000000010043a4a4 cxxbridge1$string$len + 603752\n14  chromedriver                        0x00000001003f5a08 cxxbridge1$string$len + 322508\n15  chromedriver                        0x00000001003f666c cxxbridge1$string$len + 325680\n16  chromedriver                        0x0000000100786058 cxxbridge1$str$ptr + 1651256\n17  chromedriver                        0x000000010078a98c cxxbridge1$str$ptr + 1669996\n18  chromedriver                        0x000000010076b1ec cxxbridge1$str$ptr + 1541068\n19  chromedriver                        0x000000010078b25c cxxbridge1$str$ptr + 1672252\n20  chromedriver                        0x000000010075c800 cxxbridge1$str$ptr + 1481184\n21  chromedriver                        0x00000001007a90f8 cxxbridge1$str$ptr + 1794776\n22  chromedriver                        0x00000001007a9274 cxxbridge1$str$ptr + 1795156\n23  chromedriver                        0x00000001007b7a9c cxxbridge1$str$ptr + 1854588\n24  libsystem_pthread.dylib             0x00000001a57b426c _pthread_start + 148\n25  libsystem_pthread.dylib             0x00000001a57af08c thread_start + 8", "trace": "self = <tests.test_account_page.TestAccountPage object at 0x105245670>\n\n    def test_go_to_order_history(self):\n        page = AccountPage(self.driver)\n>       page.open()\n\ntests/test_account_page.py:14: \n_ _ _ _ _ _ _ _ _ _ _ _ _ _ _ _ _ _ _ _ _ _ _ _ _ _ _ _ _ _ _ _ _ _ _ _ _ _ _ _ _ _ _ _ _ _ _ _ _ _ _ _ _ _ _ _ _ _ _ _ _ _ _ _ _ _ _ _ _ _ _ _ _ _ _ _ _ _ _ _ _ _ _ _ _ _ \npage_objects/account_page.py:8: in open\n    self.driver.get(\"https://stellar-burgers.com/account\")\nvenv/lib/python3.12/site-packages/selenium/webdriver/remote/webdriver.py:363: in get\n    self.execute(Command.GET, {\"url\": url})\nvenv/lib/python3.12/site-packages/selenium/webdriver/remote/webdriver.py:354: in execute\n    self.error_handler.check_response(response)\n_ _ _ _ _ _ _ _ _ _ _ _ _ _ _ _ _ _ _ _ _ _ _ _ _ _ _ _ _ _ _ _ _ _ _ _ _ _ _ _ _ _ _ _ _ _ _ _ _ _ _ _ _ _ _ _ _ _ _ _ _ _ _ _ _ _ _ _ _ _ _ _ _ _ _ _ _ _ _ _ _ _ _ _ _ _ \n\nself = <selenium.webdriver.remote.errorhandler.ErrorHandler object at 0x1052f0860>\nresponse = {'status': 500, 'value': '{\"value\":{\"error\":\"unknown error\",\"message\":\"unknown error: net::ERR_NAME_NOT_RESOLVED\\\\n  (...0001a57b426c _pthread_start + 148\\\\n25  libsystem_pthread.dylib             0x00000001a57af08c thread_start + 8\\\\n\"}}'}\n\n    def check_response(self, response: Dict[str, Any]) -> None:\n        \"\"\"Checks that a JSON response from the WebDriver does not have an\n        error.\n    \n        :Args:\n         - response - The JSON response from the WebDriver server as a dictionary\n           object.\n    \n        :Raises: If the response contains an error message.\n        \"\"\"\n        status = response.get(\"status\", None)\n        if not status or status == ErrorCode.SUCCESS:\n            return\n        value = None\n        message = response.get(\"message\", \"\")\n        screen: str = response.get(\"screen\", \"\")\n        stacktrace = None\n        if isinstance(status, int):\n            value_json = response.get(\"value\", None)\n            if value_json and isinstance(value_json, str):\n                import json\n    \n                try:\n                    value = json.loads(value_json)\n                    if len(value) == 1:\n                        value = value[\"value\"]\n                    status = value.get(\"error\", None)\n                    if not status:\n                        status = value.get(\"status\", ErrorCode.UNKNOWN_ERROR)\n                        message = value.get(\"value\") or value.get(\"message\")\n                        if not isinstance(message, str):\n                            value = message\n                            message = message.get(\"message\")\n                    else:\n                        message = value.get(\"message\", None)\n                except ValueError:\n                    pass\n    \n        exception_class: Type[WebDriverException]\n        e = ErrorCode()\n        error_codes = [item for item in dir(e) if not item.startswith(\"__\")]\n        for error_code in error_codes:\n            error_info = getattr(ErrorCode, error_code)\n            if isinstance(error_info, list) and status in error_info:\n                exception_class = getattr(ExceptionMapping, error_code, WebDriverException)\n                break\n        else:\n            exception_class = WebDriverException\n    \n        if not value:\n            value = response[\"value\"]\n        if isinstance(value, str):\n            raise exception_class(value)\n        if message == \"\" and \"message\" in value:\n            message = value[\"message\"]\n    \n        screen = None  # type: ignore[assignment]\n        if \"screen\" in value:\n            screen = value[\"screen\"]\n    \n        stacktrace = None\n        st_value = value.get(\"stackTrace\") or value.get(\"stacktrace\")\n        if st_value:\n            if isinstance(st_value, str):\n                stacktrace = st_value.split(\"\\n\")\n            else:\n                stacktrace = []\n                try:\n                    for frame in st_value:\n                        line = frame.get(\"lineNumber\", \"\")\n                        file = frame.get(\"fileName\", \"<anonymous>\")\n                        if line:\n                            file = f\"{file}:{line}\"\n                        meth = frame.get(\"methodName\", \"<anonymous>\")\n                        if \"className\" in frame:\n                            meth = f\"{frame['className']}.{meth}\"\n                        msg = \"    at %s (%s)\"\n                        msg = msg % (meth, file)\n                        stacktrace.append(msg)\n                except TypeError:\n                    pass\n        if exception_class == UnexpectedAlertPresentException:\n            alert_text = None\n            if \"data\" in value:\n                alert_text = value[\"data\"].get(\"text\")\n            elif \"alert\" in value:\n                alert_text = value[\"alert\"].get(\"text\")\n            raise exception_class(message, screen, stacktrace, alert_text)  # type: ignore[call-arg]  # mypy is not smart enough here\n>       raise exception_class(message, screen, stacktrace)\nE       selenium.common.exceptions.WebDriverException: Message: unknown error: net::ERR_NAME_NOT_RESOLVED\nE         (Session info: chrome=128.0.6613.120)\nE       Stacktrace:\nE       0   chromedriver                        0x00000001007bf998 cxxbridge1$str$ptr + 1887096\nE       1   chromedriver                        0x00000001007b7e00 cxxbridge1$str$ptr + 1855456\nE       2   chromedriver                        0x00000001003bcbe0 cxxbridge1$string$len + 89508\nE       3   chromedriver                        0x00000001003b5bc4 cxxbridge1$string$len + 60808\nE       4   chromedriver                        0x00000001003a7fe8 cxxbridge1$string$len + 4524\nE       5   chromedriver                        0x00000001003a99c4 cxxbridge1$string$len + 11144\nE       6   chromedriver                        0x00000001003a839c cxxbridge1$string$len + 5472\nE       7   chromedriver                        0x00000001003a7c10 cxxbridge1$string$len + 3540\nE       8   chromedriver                        0x00000001003a7b5c cxxbridge1$string$len + 3360\nE       9   chromedriver                        0x00000001003a5ef8 core::str::slice_error_fail::h6c488016ada29016 + 61108\nE       10  chromedriver                        0x00000001003a6468 core::str::slice_error_fail::h6c488016ada29016 + 62500\nE       11  chromedriver                        0x00000001003bf090 cxxbridge1$string$len + 98900\nE       12  chromedriver                        0x000000010043ae14 cxxbridge1$string$len + 606168\nE       13  chromedriver                        0x000000010043a4a4 cxxbridge1$string$len + 603752\nE       14  chromedriver                        0x00000001003f5a08 cxxbridge1$string$len + 322508\nE       15  chromedriver                        0x00000001003f666c cxxbridge1$string$len + 325680\nE       16  chromedriver                        0x0000000100786058 cxxbridge1$str$ptr + 1651256\nE       17  chromedriver                        0x000000010078a98c cxxbridge1$str$ptr + 1669996\nE       18  chromedriver                        0x000000010076b1ec cxxbridge1$str$ptr + 1541068\nE       19  chromedriver                        0x000000010078b25c cxxbridge1$str$ptr + 1672252\nE       20  chromedriver                        0x000000010075c800 cxxbridge1$str$ptr + 1481184\nE       21  chromedriver                        0x00000001007a90f8 cxxbridge1$str$ptr + 1794776\nE       22  chromedriver                        0x00000001007a9274 cxxbridge1$str$ptr + 1795156\nE       23  chromedriver                        0x00000001007b7a9c cxxbridge1$str$ptr + 1854588\nE       24  libsystem_pthread.dylib             0x00000001a57b426c _pthread_start + 148\nE       25  libsystem_pthread.dylib             0x00000001a57af08c thread_start + 8\n\nvenv/lib/python3.12/site-packages/selenium/webdriver/remote/errorhandler.py:229: WebDriverException"}, "parameters": [{"name": "init_driver", "value": "'chrome'"}], "start": 1725817947898, "stop": 1725817954760, "uuid": "a522f13d-c278-4ec1-bca8-ded5d3af5dd5", "historyId": "82b8d9dfe3151ab4968129da3a56750a", "testCaseId": "d85df135b4dfe762b04e07ce5826e2eb", "fullName": "tests.test_account_page.TestAccountPage#test_go_to_order_history", "labels": [{"name": "tag", "value": "@pytest.mark.usefixtures('init_driver')"}, {"name": "parentSuite", "value": "tests"}, {"name": "suite", "value": "test_account_page"}, {"name": "subSuite", "value": "TestAccountPage"}, {"name": "host", "value": "MacBook-Air-Anna.local"}, {"name": "thread", "value": "17609-MainThread"}, {"name": "framework", "value": "pytest"}, {"name": "language", "value": "cpython3"}, {"name": "package", "value": "tests.test_account_page"}]}