{"name": "test_constructor_navigation[chrome]", "status": "failed", "statusDetails": {"message": "AssertionError: assert 'constructor' in 'https://stellarburgers.nomoreparties.site/'\n +  where 'https://stellarburgers.nomoreparties.site/' = <selenium.webdriver.chrome.webdriver.WebDriver (session=\"9463dcf6460de28375419a0997d5bb33\")>.current_url\n +    where <selenium.webdriver.chrome.webdriver.WebDriver (session=\"9463dcf6460de28375419a0997d5bb33\")> = <tests.test_constructor.TestConstructorFunctionality object at 0x106be10a0>.driver", "trace": "self = <tests.test_constructor.TestConstructorFunctionality object at 0x106be10a0>\n\n    def test_constructor_navigation(self):\n        page = ConstructorPage(self.driver)\n        page.open()\n        page.click_constructor()\n>       assert \"constructor\" in self.driver.current_url\nE       assert 'constructor' in 'https://stellarburgers.nomoreparties.site/'\nE        +  where 'https://stellarburgers.nomoreparties.site/' = <selenium.webdriver.chrome.webdriver.WebDriver (session=\"9463dcf6460de28375419a0997d5bb33\")>.current_url\nE        +    where <selenium.webdriver.chrome.webdriver.WebDriver (session=\"9463dcf6460de28375419a0997d5bb33\")> = <tests.test_constructor.TestConstructorFunctionality object at 0x106be10a0>.driver\n\ntests/test_constructor.py:11: AssertionError"}, "parameters": [{"name": "init_driver", "value": "'chrome'"}], "start": 1725819832404, "stop": 1725819839975, "uuid": "7d85b46b-95e9-4e77-88f9-bee54f32da1c", "historyId": "a759f1025cff4633d9af9b2f08bc67fa", "testCaseId": "03f313d6c6c70b024b39319f9d478122", "fullName": "tests.test_constructor.TestConstructorFunctionality#test_constructor_navigation", "labels": [{"name": "tag", "value": "@pytest.mark.usefixtures('init_driver')"}, {"name": "parentSuite", "value": "tests"}, {"name": "suite", "value": "test_constructor"}, {"name": "subSuite", "value": "TestConstructorFunctionality"}, {"name": "host", "value": "MacBook-Air-Anna.local"}, {"name": "thread", "value": "25565-MainThread"}, {"name": "framework", "value": "pytest"}, {"name": "language", "value": "cpython3"}, {"name": "package", "value": "tests.test_constructor"}]}